=========================================================================

  JBoss Bootstrap Environment

  JBOSS_HOME: /c/Users/moham/wildfly

  JAVA: C:\Program Files\Java\jdk-17/bin/java

  JAVA_OPTS:  -Djdk.serialFilter="maxbytes=10485760;maxdepth=128;maxarray=100000;maxrefs=300000" -Xms64m -Xmx512m -XX:MetaspaceSize=96M -XX:MaxMetaspaceSize=256m -Djava.net.preferIPv4Stack=true -Djboss.modules.system.pkgs=org.jboss.byteman -Djava.awt.headless=true  --add-exports=java.desktop/sun.awt=ALL-UNNAMED --add-exports=java.naming/com.sun.jndi.ldap=ALL-UNNAMED --add-exports=java.naming/com.sun.jndi.url.ldap=ALL-UNNAMED --add-exports=java.naming/com.sun.jndi.url.ldaps=ALL-UNNAMED --add-exports=jdk.naming.dns/com.sun.jndi.dns=ALL-UNNAMED --add-opens=java.base/java.lang=ALL-UNNAMED --add-opens=java.base/java.lang.invoke=ALL-UNNAMED --add-opens=java.base/java.lang.reflect=ALL-UNNAMED --add-opens=java.base/java.io=ALL-UNNAMED --add-opens=java.base/java.net=ALL-UNNAMED --add-opens=java.base/java.security=ALL-UNNAMED --add-opens=java.base/java.util=ALL-UNNAMED --add-opens=java.base/java.util.concurrent=ALL-UNNAMED --add-opens=java.management/javax.management=ALL-UNNAMED --add-opens=java.naming/javax.naming=ALL-UNNAMED -Djava.security.manager=allow

=========================================================================

Unable to read the logging configuration from 'file:/c/Users/moham/wildfly/standalone/configuration/logging.properties' (java.io.FileNotFoundException: \c\Users\moham\wildfly\standalone\configuration\logging.properties (Le chemin d’accès spécifié est introuvable))
01:53:51,749 INFO  [org.jboss.as.ejb3] (MSC service thread 1-5) WFLYEJB0493: Jakarta Enterprise Beans subsystem suspension complete
01:53:51,818 INFO  [org.jboss.as.connector.subsystems.datasources] (MSC service thread 1-6) WFLYJCA0001: Bound data source [java:jboss/datasources/ExampleDS]
01:53:51,819 INFO  [org.jboss.as.connector.subsystems.datasources] (MSC service thread 1-2) WFLYJCA0001: Bound data source [java:jboss/datasources/PhoenixDS]
01:53:53,116 ERROR [org.jboss.as.controller.management-operation] (Controller Boot Thread) WFLYCTL0013: Operation ("add") failed - address: ([
    ("core-service" => "management"),
    ("management-interface" => "http-interface")
]) - failure description: {
    "WFLYCTL0080: Failed services" => {"org.wildfly.management.http.extensible" => "java.net.BindException: Address already in use: bind /127.0.0.1:9990"},
    "WFLYCTL0412: Required services that are not installed:" => ["jboss.http-upgrade-registry.http-management"],
    "WFLYCTL0180: Services with missing/unavailable dependencies" => ["service jboss.remoting.remoting-http-upgrade-service.http-management is missing [jboss.http-upgrade-registry.http-management]"]
}
01:53:53,117 ERROR [org.jboss.as.controller.management-operation] (Controller Boot Thread) WFLYCTL0013: Operation ("add") failed - address: ([
    ("subsystem" => "remoting"),
    ("http-connector" => "http-remoting-connector")
]) - failure description: {
    "WFLYCTL0412: Required services that are not installed:" => ["jboss.http-upgrade-registry.default"],
    "WFLYCTL0180: Services with missing/unavailable dependencies" => ["service jboss.remoting.remoting-http-upgrade-service.http-remoting-connector is missing [jboss.http-upgrade-registry.default]"]
}
01:53:53,163 ERROR [org.jboss.as.controller.management-operation] (Controller Boot Thread) WFLYCTL0013: Operation ("add") failed - address: ([
    ("subsystem" => "undertow"),
    ("server" => "default-server"),
    ("http-listener" => "default")
]) - failure description: {"WFLYCTL0080: Failed services" => {"jboss.undertow.listener.default" => "Address already in use: bind /127.0.0.1:8080"}}
01:53:53,163 ERROR [org.jboss.as.controller.management-operation] (Controller Boot Thread) WFLYCTL0013: Operation ("add") failed - address: ([
    ("subsystem" => "undertow"),
    ("server" => "default-server"),
    ("https-listener" => "https")
]) - failure description: {"WFLYCTL0080: Failed services" => {"org.wildfly.undertow.listener.https" => "Address already in use: bind /127.0.0.1:8443"}}
01:53:53,164 ERROR [org.jboss.as.controller] (Controller Boot Thread) WFLYCTL0459: Triggering roll back due to missing management services.
01:53:53,165 ERROR [org.jboss.as.controller.management-operation] (Controller Boot Thread) WFLYCTL0013: Operation ("add") failed - address: ([
    ("core-service" => "management"),
    ("management-interface" => "http-interface")
]) - failure description: {
    "WFLYCTL0080: Failed services" => {"org.wildfly.management.http.extensible" => "java.net.BindException: Address already in use: bind /127.0.0.1:9990"},
    "WFLYCTL0412: Required services that are not installed:" => ["jboss.http-upgrade-registry.http-management"],
    "WFLYCTL0180: Services with missing/unavailable dependencies" => ["service jboss.remoting.remoting-http-upgrade-service.http-management is missing [jboss.http-upgrade-registry.http-management]"]
}
